<?xml version="1.0" encoding="UTF-8"?>
<testng-results skipped="0" failed="0" ignored="0" total="4" passed="4">
  <reporter-output>
  </reporter-output>
  <suite name="Surefire suite" duration-ms="21794" started-at="2020-03-15T10:13:44Z" finished-at="2020-03-15T10:14:06Z">
    <groups>
      <group name="cucumber">
        <method signature="AbstractTestNGCucumberTests.runScenario(io.cucumber.testng.PickleWrapper, io.cucumber.testng.FeatureWrapper)[pri:0, instance:testRunners.TestRunnerClass@1554909b]" name="runScenario" class="io.cucumber.testng.AbstractTestNGCucumberTests"/>
      </group> <!-- cucumber -->
    </groups>
    <test name="Surefire test" duration-ms="21794" started-at="2020-03-15T10:13:44Z" finished-at="2020-03-15T10:14:06Z">
      <class name="testRunners.TestRunnerClass">
        <test-method status="PASS" signature="setUpClass()[pri:0, instance:testRunners.TestRunnerClass@1554909b]" name="setUpClass" is-config="true" duration-ms="247" started-at="2020-03-15T10:13:44Z" finished-at="2020-03-15T10:13:45Z">
          <reporter-output>
          </reporter-output>
        </test-method> <!-- setUpClass -->
        <test-method status="PASS" signature="runScenario(io.cucumber.testng.PickleWrapper, io.cucumber.testng.FeatureWrapper)[pri:0, instance:testRunners.TestRunnerClass@1554909b]" name="runScenario" duration-ms="15405" started-at="2020-03-15T10:13:45Z" description="Runs Cucumber Scenarios" data-provider="scenarios" finished-at="2020-03-15T10:14:00Z">
          <params>
            <param index="0">
              <value>
                <![CDATA["Open webpages"]]>
              </value>
            </param>
            <param index="1">
              <value>
                <![CDATA["Sample feature name"]]>
              </value>
            </param>
          </params>
          <reporter-output>
          </reporter-output>
        </test-method> <!-- runScenario -->
        <test-method status="PASS" signature="runScenario(io.cucumber.testng.PickleWrapper, io.cucumber.testng.FeatureWrapper)[pri:0, instance:testRunners.TestRunnerClass@1554909b]" name="runScenario" duration-ms="18664" started-at="2020-03-15T10:13:45Z" description="Runs Cucumber Scenarios" data-provider="scenarios" finished-at="2020-03-15T10:14:03Z">
          <params>
            <param index="0">
              <value>
                <![CDATA["Open webpages"]]>
              </value>
            </param>
            <param index="1">
              <value>
                <![CDATA["Sample feature name"]]>
              </value>
            </param>
          </params>
          <reporter-output>
          </reporter-output>
        </test-method> <!-- runScenario -->
        <test-method status="PASS" signature="runScenario(io.cucumber.testng.PickleWrapper, io.cucumber.testng.FeatureWrapper)[pri:0, instance:testRunners.TestRunnerClass@1554909b]" name="runScenario" duration-ms="9845" started-at="2020-03-15T10:13:45Z" description="Runs Cucumber Scenarios" data-provider="scenarios" finished-at="2020-03-15T10:13:55Z">
          <params>
            <param index="0">
              <value>
                <![CDATA["Open webpages"]]>
              </value>
            </param>
            <param index="1">
              <value>
                <![CDATA["Sample feature name"]]>
              </value>
            </param>
          </params>
          <reporter-output>
          </reporter-output>
        </test-method> <!-- runScenario -->
        <test-method status="PASS" signature="runScenario(io.cucumber.testng.PickleWrapper, io.cucumber.testng.FeatureWrapper)[pri:0, instance:testRunners.TestRunnerClass@1554909b]" name="runScenario" duration-ms="21389" started-at="2020-03-15T10:13:45Z" description="Runs Cucumber Scenarios" data-provider="scenarios" finished-at="2020-03-15T10:14:06Z">
          <params>
            <param index="0">
              <value>
                <![CDATA["Verify amazon search functionality"]]>
              </value>
            </param>
            <param index="1">
              <value>
                <![CDATA["Sample feature name"]]>
              </value>
            </param>
          </params>
          <reporter-output>
          </reporter-output>
        </test-method> <!-- runScenario -->
        <test-method status="PASS" signature="tearDownClass()[pri:0, instance:testRunners.TestRunnerClass@1554909b]" name="tearDownClass" is-config="true" duration-ms="141" started-at="2020-03-15T10:14:06Z" finished-at="2020-03-15T10:14:06Z">
          <reporter-output>
          </reporter-output>
        </test-method> <!-- tearDownClass -->
      </class> <!-- testRunners.TestRunnerClass -->
    </test> <!-- Surefire test -->
  </suite> <!-- Surefire suite -->
</testng-results>
